<?xml version="1.0" encoding="UTF-8"?>
<!-- Generated by org.testng.reporters.JUnitXMLReporter -->
<testsuite hostname="DESKTOP-08J39R4" ignored="3" name="Default test" tests="1" failures="0" timestamp="18 Jul 2018 16:24:34 GMT" time="11.078" errors="0">
  <testcase name="test2" time="6.167" classname="seleniumwaits.ExplicitWaitTests"/>
  <testcase name="waitForDissappear" time="0.0" classname="seleniumwaits.ExplicitWaitTests">
    <ignored/>
  </testcase> <!-- waitForDissappear -->
  <testcase name="test1" time="0.0" classname="seleniumwaits.ExplicitWaitTests">
    <ignored/>
  </testcase> <!-- test1 -->
  <testcase name="FluentWaitTest" time="0.0" classname="seleniumwaits.ExplicitWaitTests">
    <ignored/>
  </testcase> <!-- FluentWaitTest -->
</testsuite> <!-- Default test -->
